<?xml version="1.0" encoding="UTF-8"?>
<testsuite xmlns:xsi="http://www.w3.org/2001/XMLSchema-instance" xsi:noNamespaceSchemaLocation="https://maven.apache.org/surefire/maven-surefire-plugin/xsd/surefire-test-report-3.0.xsd" version="3.0" name="HexETest" time="18.578" tests="48" errors="0" skipped="0" failures="0">
  <properties>
[...]
</properties>
  <testcase name="testMain2" classname="HexETest" time="0.998"/>
  <testcase name="testMain3" classname="HexETest" time="3.187"/>
  <testcase name="testMain4" classname="HexETest" time="1.211"/>
  <testcase name="testMain" classname="HexETest" time="0.583"/>
  <testcase name="testMainRepeat16[1]" classname="HexETest" time="0.288"/>
  <testcase name="testMainRepeat16[2]" classname="HexETest" time="0.049"/>
  <testcase name="testMainRepeat16[3]" classname="HexETest" time="0.104"/>
  <testcase name="testMainRepeat16[4]" classname="HexETest" time="0.092"/>
  <testcase name="testMainRepeat16[5]" classname="HexETest" time="0.057"/>
  <testcase name="testMainRepeat16[6]" classname="HexETest" time="0.045"/>
  <testcase name="testMainRepeat16[7]" classname="HexETest" time="0.045"/>
  <testcase name="testMainRepeat16[8]" classname="HexETest" time="0.043"/>
  <testcase name="testMainRepeat16[9]" classname="HexETest" time="0.037"/>
  <testcase name="testMainRepeat16[10]" classname="HexETest" time="0.036"/>
  <testcase name="testMainRepeat[1]" classname="HexETest" time="0.034"/>
  <testcase name="testMainRepeat[2]" classname="HexETest" time="0.041"/>
  <testcase name="testMainRepeat[3]" classname="HexETest" time="0.038"/>
  <testcase name="testMainRepeat[4]" classname="HexETest" time="0.046"/>
  <testcase name="testMainRepeat[5]" classname="HexETest" time="0.034"/>
  <testcase name="testMainRepeat[6]" classname="HexETest" time="0.033"/>
  <testcase name="testMainRepeat[7]" classname="HexETest" time="0.036"/>
  <testcase name="testMainRepeat[8]" classname="HexETest" time="0.044"/>
  <testcase name="testMainRepeat[9]" classname="HexETest" time="0.034"/>
  <testcase name="testMainRepeat[10]" classname="HexETest" time="0.034"/>
  <testcase name="testMainDec" classname="HexETest" time="0.683"/>
  <testcase name="testMainDecRepeat16[1]" classname="HexETest" time="1.569"/>
  <testcase name="testMainDecRepeat16[2]" classname="HexETest" time="0.053"/>
  <testcase name="testMainDecRepeat16[3]" classname="HexETest" time="0.06"/>
  <testcase name="testMainDecRepeat16[4]" classname="HexETest" time="0.111"/>
  <testcase name="testMainDecRepeat16[5]" classname="HexETest" time="0.053"/>
  <testcase name="testMainDecRepeat16[6]" classname="HexETest" time="0.055"/>
  <testcase name="testMainDecRepeat16[7]" classname="HexETest" time="0.054"/>
  <testcase name="testMainDecRepeat16[8]" classname="HexETest" time="0.056"/>
  <testcase name="testMainDecRepeat16[9]" classname="HexETest" time="0.051"/>
  <testcase name="testMainDecRepeat16[10]" classname="HexETest" time="0.058"/>
  <testcase name="testMainDec2" classname="HexETest" time="1.927"/>
  <testcase name="testMainDec3" classname="HexETest" time="2.182"/>
  <testcase name="testMainDec4" classname="HexETest" time="3.963"/>
  <testcase name="testMainDecRepeat[1]" classname="HexETest" time="0.065"/>
  <testcase name="testMainDecRepeat[2]" classname="HexETest" time="0.046"/>
  <testcase name="testMainDecRepeat[3]" classname="HexETest" time="0.054"/>
  <testcase name="testMainDecRepeat[4]" classname="HexETest" time="0.056"/>
  <testcase name="testMainDecRepeat[5]" classname="HexETest" time="0.05"/>
  <testcase name="testMainDecRepeat[6]" classname="HexETest" time="0.049"/>
  <testcase name="testMainDecRepeat[7]" classname="HexETest" time="0.037"/>
  <testcase name="testMainDecRepeat[8]" classname="HexETest" time="0.037"/>
  <testcase name="testMainDecRepeat[9]" classname="HexETest" time="0.042"/>
  <testcase name="testMainDecRepeat[10]" classname="HexETest" time="0.029"/>
</testsuite>